<?xml version="1.0" encoding="UTF-8"?>
<<<<<<< HEAD
<testsuites name="jest tests" tests="0" failures="0" errors="0" time="0.626">
=======
<testsuites name="jest tests" tests="3" failures="1" errors="0" time="2.526">
  <testsuite name="undefined" errors="0" failures="1" skipped="0" timestamp="2022-03-22T20:12:41" time="2.399" tests="3">
    <testcase classname=" [Responder pregunta] con sesion iniciada" name=" [Responder pregunta] con sesion iniciada" time="0.63">
    </testcase>
    <testcase classname=" [Responder pregunta] vacia" name=" [Responder pregunta] vacia" time="0.277">
    </testcase>
    <testcase classname=" [Responder pregunta] sin iniciar sesión" name=" [Responder pregunta] sin iniciar sesión" time="0.015">
      <failure>Error: expect(received).toBe(expected) // Object.is equality

Expected: &quot;Found. Redirecting to /login&quot;
Received: &quot;Found. Redirecting to /&quot;
    at Object.&lt;anonymous&gt; (C:\Users\alber\Desktop\.Try-Catch\Test\responder.test.js:52:28)
    at processTicksAndRejections (internal/process/task_queues.js:93:5)</failure>
    </testcase>
  </testsuite>
>>>>>>> origin/dev
</testsuites>