<?xml version="1.0" encoding="UTF-8"?>
<testsuites name="jest tests" tests="1" failures="0" errors="0" time="5.026">
  <testsuite name="undefined" errors="0" failures="0" skipped="0" timestamp="2022-04-19T09:34:00" time="4.674" tests="1">
    <testcase classname=" [Establecer formato]" name=" [Establecer formato]" time="0.879">
    </testcase>
  </testsuite>
</testsuites>