<?xml version="1.0" encoding="UTF-8"?>
<testsuites name="jest tests" tests="34" failures="2" errors="0" time="5.345">
  <testsuite name="undefined" errors="0" failures="0" skipped="0" timestamp="2022-03-29T14:17:40" time="2.508" tests="4">
    <testcase classname=" [Crear pregunta] con sesion iniciada sin etiquetas correcto" name=" [Crear pregunta] con sesion iniciada sin etiquetas correcto" time="0.2">
    </testcase>
    <testcase classname=" [Crear pregunta] con sesion iniciada con titulo incorrecto" name=" [Crear pregunta] con sesion iniciada con titulo incorrecto" time="0.035">
    </testcase>
    <testcase classname=" [Crear pregunta] con sesion iniciada con descripcion incorrecto" name=" [Crear pregunta] con sesion iniciada con descripcion incorrecto" time="0.046">
    </testcase>
    <testcase classname=" [Crear pregunta] con sesion iniciada con titulo incorrecto" name=" [Crear pregunta] con sesion iniciada con titulo incorrecto" time="0.033">
    </testcase>
  </testsuite>
  <testsuite name="undefined" errors="0" failures="0" skipped="0" timestamp="2022-03-29T14:17:40" time="2.487" tests="7">
    <testcase classname=" [Registro] Usuarios correcto" name=" [Registro] Usuarios correcto" time="0.146">
    </testcase>
    <testcase classname=" [Registro] Usuario datos vacios" name=" [Registro] Usuario datos vacios" time="0.025">
    </testcase>
    <testcase classname=" [Registro] Usuarios nombre incorrecto" name=" [Registro] Usuarios nombre incorrecto" time="0.011">
    </testcase>
    <testcase classname=" [Registro] Usuarios contraseña diferente" name=" [Registro] Usuarios contraseña diferente" time="0.029">
    </testcase>
    <testcase classname=" [Registro] Usuarios contraseña insuficiente numero caracteres" name=" [Registro] Usuarios contraseña insuficiente numero caracteres" time="0.021">
    </testcase>
    <testcase classname=" [Registro] Usuarios contraseña falta mayusucla" name=" [Registro] Usuarios contraseña falta mayusucla" time="0.01">
    </testcase>
    <testcase classname=" [Registro] Usuarios contraseña falta minuscula" name=" [Registro] Usuarios contraseña falta minuscula" time="0.011">
    </testcase>
  </testsuite>
  <testsuite name="undefined" errors="0" failures="0" skipped="0" timestamp="2022-03-29T14:17:40" time="2.951" tests="1">
    <testcase classname=" [Busqueda basica] Prueba" name=" [Busqueda basica] Prueba" time="0.228">
    </testcase>
  </testsuite>
  <testsuite name="undefined" errors="0" failures="0" skipped="0" timestamp="2022-03-29T14:17:40" time="3" tests="3">
    <testcase classname=" [Responder pregunta] con sesion iniciada" name=" [Responder pregunta] con sesion iniciada" time="0.251">
    </testcase>
    <testcase classname=" [Responder pregunta] vacia" name=" [Responder pregunta] vacia" time="0.059">
    </testcase>
    <testcase classname=" [Responder pregunta] sin iniciar sesión" name=" [Responder pregunta] sin iniciar sesión" time="0.007">
    </testcase>
  </testsuite>
  <testsuite name="undefined" errors="0" failures="2" skipped="0" timestamp="2022-03-29T14:17:40" time="3.373" tests="10">
    <testcase classname=" [Registro] Usuarios correcto" name=" [Registro] Usuarios correcto" time="0.223">
      <failure>Error: expect(received).toBe(expected) // Object.is equality

Expected: 201
Received: 402
    at Object.&lt;anonymous&gt; (C:\Users\Pabluno\Documents\Universidad\GPS\.Try-Catch\Test\user.test.js:16:29)
    at processTicksAndRejections (node:internal/process/task_queues:96:5)</failure>
    </testcase>
    <testcase classname=" [Registro] Usuarios existente" name=" [Registro] Usuarios existente" time="0.049">
    </testcase>
    <testcase classname=" [Registro] Usuario datos vacios" name=" [Registro] Usuario datos vacios" time="0.011">
    </testcase>
    <testcase classname=" [Registro] Usuarios nombre incorrecto" name=" [Registro] Usuarios nombre incorrecto" time="0.01">
    </testcase>
    <testcase classname=" [Registro] Usuarios contraseña diferente" name=" [Registro] Usuarios contraseña diferente" time="0.01">
    </testcase>
    <testcase classname=" [Registro] Usuarios contraseña insuficiente numero caracteres" name=" [Registro] Usuarios contraseña insuficiente numero caracteres" time="0.009">
    </testcase>
    <testcase classname=" [Registro] Usuarios contraseña falta mayusucla" name=" [Registro] Usuarios contraseña falta mayusucla" time="0.009">
    </testcase>
    <testcase classname=" [Registro] Usuarios contraseña falta minuscula" name=" [Registro] Usuarios contraseña falta minuscula" time="0.009">
    </testcase>
    <testcase classname=" [Inicio de sesion] correo/contraseña correcto" name=" [Inicio de sesion] correo/contraseña correcto" time="0.05">
    </testcase>
    <testcase classname=" [Crear pregunta] con sesion iniciada" name=" [Crear pregunta] con sesion iniciada" time="0.186">
      <failure>Error: expect(received).toBe(expected) // Object.is equality

Expected: 200
Received: 302
    at Object.&lt;anonymous&gt; (C:\Users\Pabluno\Documents\Universidad\GPS\.Try-Catch\Test\user.test.js:95:30)
    at processTicksAndRejections (node:internal/process/task_queues:96:5)</failure>
    </testcase>
  </testsuite>
  <testsuite name="undefined" errors="0" failures="0" skipped="0" timestamp="2022-03-29T14:17:43" time="0.689" tests="1">
    <testcase classname=" [Busquedad basica] correcto" name=" [Busquedad basica] correcto" time="0.119">
    </testcase>
  </testsuite>
  <testsuite name="undefined" errors="0" failures="0" skipped="0" timestamp="2022-03-29T14:17:40" time="3.56" tests="6">
    <testcase classname=" [Crear pregunta] con sesion iniciada" name=" [Crear pregunta] con sesion iniciada" time="0.297">
    </testcase>
    <testcase classname=" [Crear pregunta] sin sesion iniciada" name=" [Crear pregunta] sin sesion iniciada" time="0.012">
    </testcase>
    <testcase classname=" [Crear pregunta] descripcion vacia" name=" [Crear pregunta] descripcion vacia" time="0.284">
    </testcase>
    <testcase classname=" [Crear pregunta] titulo vacia" name=" [Crear pregunta] titulo vacia" time="0.176">
    </testcase>
    <testcase classname=" [Crear pregunta] etiquetas vacia" name=" [Crear pregunta] etiquetas vacia" time="0.067">
    </testcase>
    <testcase classname=" [Crear pregunta] todos vacia" name=" [Crear pregunta] todos vacia" time="0.063">
    </testcase>
  </testsuite>
  <testsuite name="undefined" errors="0" failures="0" skipped="0" timestamp="2022-03-29T14:17:40" time="3.729" tests="2">
    <testcase classname=" [Ver Atributos] con id existente" name=" [Ver Atributos] con id existente" time="0.99">
    </testcase>
    <testcase classname=" [Ver Atributos] con id no existente" name=" [Ver Atributos] con id no existente" time="0.09">
    </testcase>
  </testsuite>
</testsuites>