<?xml version="1.0" encoding="UTF-8"?>
<testsuites name="jest tests" tests="120" failures="4" errors="0" time="9.012">
  <testsuite name="undefined" errors="0" failures="0" skipped="0" timestamp="2022-04-26T09:51:22" time="2.409" tests="6">
    <testcase classname=" [Crear pregunta] con sesion iniciada" name=" [Crear pregunta] con sesion iniciada" time="0.166">
    </testcase>
    <testcase classname=" [Crear pregunta] sin sesion iniciada" name=" [Crear pregunta] sin sesion iniciada" time="0.01">
    </testcase>
    <testcase classname=" [Crear pregunta] descripcion vacia" name=" [Crear pregunta] descripcion vacia" time="0.013">
    </testcase>
    <testcase classname=" [Crear pregunta] titulo vacia" name=" [Crear pregunta] titulo vacia" time="0.016">
    </testcase>
    <testcase classname=" [Crear pregunta] etiquetas vacia" name=" [Crear pregunta] etiquetas vacia" time="0.012">
    </testcase>
    <testcase classname=" [Crear pregunta] todos vacia" name=" [Crear pregunta] todos vacia" time="0.011">
    </testcase>
  </testsuite>
  <testsuite name="undefined" errors="0" failures="0" skipped="0" timestamp="2022-04-26T09:51:22" time="2.938" tests="3">
    <testcase classname=" [Dar dislike]" name=" [Dar dislike]" time="0.377">
    </testcase>
    <testcase classname=" [Dar dislike]" name=" [Dar dislike]" time="0.061">
    </testcase>
    <testcase classname=" [Dar dislike]" name=" [Dar dislike]" time="0.074">
    </testcase>
  </testsuite>
  <testsuite name="undefined" errors="0" failures="0" skipped="0" timestamp="2022-04-26T09:51:24" time="0.563" tests="8">
    <testcase classname=" [Ver vista inicial] " name=" [Ver vista inicial] " time="0.065">
    </testcase>
    <testcase classname=" [Ver vista prueba mostrar etiquetas] " name=" [Ver vista prueba mostrar etiquetas] " time="0.008">
    </testcase>
    <testcase classname=" [Ver vista prueba mostrar etiquetas] " name=" [Ver vista prueba mostrar etiquetas] " time="0.005">
    </testcase>
    <testcase classname=" [Ver vista crear pregunta vista]" name=" [Ver vista crear pregunta vista]" time="0.006">
    </testcase>
    <testcase classname=" [Ver vista inicio de sesion]" name=" [Ver vista inicio de sesion]" time="0.009">
    </testcase>
    <testcase classname=" [Ver vista inicio de sesion] sin sesion" name=" [Ver vista inicio de sesion] sin sesion" time="0.009">
    </testcase>
    <testcase classname=" [Ver vista inicio de sesion] con sesion" name=" [Ver vista inicio de sesion] con sesion" time="0.027">
    </testcase>
    <testcase classname=" [Ver vista terminar sesion] con sesion" name=" [Ver vista terminar sesion] con sesion" time="0.011">
    </testcase>
  </testsuite>
  <testsuite name="undefined" errors="0" failures="0" skipped="0" timestamp="2022-04-26T09:51:22" time="3.227" tests="3">
    <testcase classname=" [Responder pregunta] con sesion iniciada" name=" [Responder pregunta] con sesion iniciada" time="0.591">
    </testcase>
    <testcase classname=" [Responder pregunta] vacia" name=" [Responder pregunta] vacia" time="0.224">
    </testcase>
    <testcase classname=" [Responder pregunta] sin iniciar sesión" name=" [Responder pregunta] sin iniciar sesión" time="0.005">
    </testcase>
  </testsuite>
  <testsuite name="undefined" errors="0" failures="0" skipped="0" timestamp="2022-04-26T09:51:22" time="3.293" tests="10">
    <testcase classname=" [Registro] Usuarios correcto" name=" [Registro] Usuarios correcto" time="0.44">
    </testcase>
    <testcase classname=" [Registro] Usuarios existente" name=" [Registro] Usuarios existente" time="0.064">
    </testcase>
    <testcase classname=" [Registro] Usuario datos vacios" name=" [Registro] Usuario datos vacios" time="0.008">
    </testcase>
    <testcase classname=" [Registro] Usuarios nombre incorrecto" name=" [Registro] Usuarios nombre incorrecto" time="0.006">
    </testcase>
    <testcase classname=" [Registro] Usuarios contraseña diferente" name=" [Registro] Usuarios contraseña diferente" time="0.006">
    </testcase>
    <testcase classname=" [Registro] Usuarios contraseña insuficiente numero caracteres" name=" [Registro] Usuarios contraseña insuficiente numero caracteres" time="0.008">
    </testcase>
    <testcase classname=" [Registro] Usuarios contraseña falta mayusucla" name=" [Registro] Usuarios contraseña falta mayusucla" time="0.008">
    </testcase>
    <testcase classname=" [Registro] Usuarios contraseña falta minuscula" name=" [Registro] Usuarios contraseña falta minuscula" time="0.006">
    </testcase>
    <testcase classname=" [Inicio de sesion] correo/contraseña correcto" name=" [Inicio de sesion] correo/contraseña correcto" time="0.126">
    </testcase>
    <testcase classname=" [Inicio de sesion] correo/contraseña incorrecto" name=" [Inicio de sesion] correo/contraseña incorrecto" time="0.05">
    </testcase>
  </testsuite>
  <testsuite name="undefined" errors="0" failures="0" skipped="0" timestamp="2022-04-26T09:51:22" time="3.361" tests="2">
    <testcase classname=" [Ordenar num valoradas] por las mejores" name=" [Ordenar num valoradas] por las mejores" time="0.891">
    </testcase>
    <testcase classname=" [Ordenar num valoradas] por las peores" name=" [Ordenar num valoradas] por las peores" time="0.085">
    </testcase>
  </testsuite>
  <testsuite name="undefined" errors="0" failures="0" skipped="0" timestamp="2022-04-26T09:51:25" time="0.598" tests="8">
    <testcase classname=" [Registro] Usuarios correcto" name=" [Registro] Usuarios correcto" time="0.069">
    </testcase>
    <testcase classname=" [Registro] Usuarios repetido" name=" [Registro] Usuarios repetido" time="0.01">
    </testcase>
    <testcase classname=" [Registro] Usuario datos vacios" name=" [Registro] Usuario datos vacios" time="0.014">
    </testcase>
    <testcase classname=" [Registro] Usuarios nombre incorrecto" name=" [Registro] Usuarios nombre incorrecto" time="0.009">
    </testcase>
    <testcase classname=" [Registro] Usuarios contraseña diferente" name=" [Registro] Usuarios contraseña diferente" time="0.008">
    </testcase>
    <testcase classname=" [Registro] Usuarios contraseña insuficiente numero caracteres" name=" [Registro] Usuarios contraseña insuficiente numero caracteres" time="0.009">
    </testcase>
    <testcase classname=" [Registro] Usuarios contraseña falta mayusucla" name=" [Registro] Usuarios contraseña falta mayusucla" time="0.008">
    </testcase>
    <testcase classname=" [Registro] Usuarios contraseña falta minuscula" name=" [Registro] Usuarios contraseña falta minuscula" time="0.007">
    </testcase>
  </testsuite>
  <testsuite name="undefined" errors="0" failures="0" skipped="0" timestamp="2022-04-26T09:51:25" time="0.574" tests="3">
    <testcase classname=" [Responder respuesta] con sesion iniciada" name=" [Responder respuesta] con sesion iniciada" time="0.053">
    </testcase>
    <testcase classname=" [Responder pregunta] vacia" name=" [Responder pregunta] vacia" time="0.012">
    </testcase>
    <testcase classname=" [Responder pregunta] sin iniciar sesión" name=" [Responder pregunta] sin iniciar sesión" time="0.005">
    </testcase>
  </testsuite>
  <testsuite name="undefined" errors="0" failures="3" skipped="0" timestamp="2022-04-26T09:51:22" time="3.869" tests="9">
    <testcase classname=" [Editar pregunta] con sesion iniciada" name=" [Editar pregunta] con sesion iniciada" time="0.378">
      <failure>Error: expect(received).toBe(expected) // Object.is equality

Expected: &quot;Found. Redirecting to /preguntas/mostrar/161&quot;
Received: &quot;Found. Redirecting to /login&quot;
    at Object.&lt;anonymous&gt; (C:\Users\Pabluno\Documents\Universidad\GPS\.Try-Catch\Test\editarComentario.test.js:30:28)
    at processTicksAndRejections (node:internal/process/task_queues:96:5)</failure>
    </testcase>
    <testcase classname=" [Editar pregunta] sin sesion iniciada" name=" [Editar pregunta] sin sesion iniciada" time="0.01">
    </testcase>
    <testcase classname=" [Editar pregunta] con sesion iniciada pero no es mia " name=" [Editar pregunta] con sesion iniciada pero no es mia " time="0.194">
    </testcase>
    <testcase classname=" [Editar respuesta] con sesion iniciada" name=" [Editar respuesta] con sesion iniciada" time="0.481">
      <failure>Error: expect(received).toBe(expected) // Object.is equality

Expected: &quot;Found. Redirecting to /preguntas/mostrar/161&quot;
Received: &quot;Found. Redirecting to /login&quot;
    at Object.&lt;anonymous&gt; (C:\Users\Pabluno\Documents\Universidad\GPS\.Try-Catch\Test\editarComentario.test.js:90:28)
    at processTicksAndRejections (node:internal/process/task_queues:96:5)</failure>
    </testcase>
    <testcase classname=" [Editar respuesta] sin sesion iniciada" name=" [Editar respuesta] sin sesion iniciada" time="0.007">
    </testcase>
    <testcase classname=" [Editar respuesta] con sesion iniciada pero no es mia " name=" [Editar respuesta] con sesion iniciada pero no es mia " time="0.065">
    </testcase>
    <testcase classname=" [Editar aclaracion] con sesion iniciada" name=" [Editar aclaracion] con sesion iniciada" time="0.052">
      <failure>Error: expect(received).toBe(expected) // Object.is equality

Expected: &quot;Found. Redirecting to /&quot;
Received: &quot;Found. Redirecting to /login&quot;
    at Object.&lt;anonymous&gt; (C:\Users\Pabluno\Documents\Universidad\GPS\.Try-Catch\Test\editarComentario.test.js:148:28)
    at processTicksAndRejections (node:internal/process/task_queues:96:5)</failure>
    </testcase>
    <testcase classname=" [Editar aclaracion] sin sesion iniciada" name=" [Editar aclaracion] sin sesion iniciada" time="0.01">
    </testcase>
    <testcase classname=" [Editar aclaracion] con sesion iniciada pero no es mia " name=" [Editar aclaracion] con sesion iniciada pero no es mia " time="0.175">
    </testcase>
  </testsuite>
  <testsuite name="undefined" errors="0" failures="0" skipped="0" timestamp="2022-04-26T09:51:22" time="3.836" tests="6">
    <testcase classname=" [Crear pregunta] con sesion iniciada" name=" [Crear pregunta] con sesion iniciada" time="0.495">
    </testcase>
    <testcase classname=" [Crear pregunta] sin sesion iniciada" name=" [Crear pregunta] sin sesion iniciada" time="0.006">
    </testcase>
    <testcase classname=" [Crear pregunta] descripcion vacia" name=" [Crear pregunta] descripcion vacia" time="0.395">
    </testcase>
    <testcase classname=" [Crear pregunta] titulo vacia" name=" [Crear pregunta] titulo vacia" time="0.181">
    </testcase>
    <testcase classname=" [Crear pregunta] etiquetas vacia" name=" [Crear pregunta] etiquetas vacia" time="0.158">
    </testcase>
    <testcase classname=" [Crear pregunta] todos vacia" name=" [Crear pregunta] todos vacia" time="0.167">
    </testcase>
  </testsuite>
  <testsuite name="undefined" errors="0" failures="0" skipped="0" timestamp="2022-04-26T09:51:25" time="1.045" tests="3">
    <testcase classname=" [Busqueda por etiquetas] con resultado" name=" [Busqueda por etiquetas] con resultado" time="0.319">
    </testcase>
    <testcase classname=" [Busqueda por etiquetas] sin resultado" name=" [Busqueda por etiquetas] sin resultado" time="0.077">
    </testcase>
    <testcase classname=" [Busqueda por etiquetas] sin resultado pagina 2" name=" [Busqueda por etiquetas] sin resultado pagina 2" time="0.051">
    </testcase>
  </testsuite>
  <testsuite name="undefined" errors="0" failures="0" skipped="0" timestamp="2022-04-26T09:51:25" time="1.352" tests="3">
    <testcase classname=" [Responder respuesta] con sesion iniciada" name=" [Responder respuesta] con sesion iniciada" time="0.591">
    </testcase>
    <testcase classname=" [Responder pregunta] vacia" name=" [Responder pregunta] vacia" time="0.131">
    </testcase>
    <testcase classname=" [Responder pregunta] sin iniciar sesión" name=" [Responder pregunta] sin iniciar sesión" time="0.006">
    </testcase>
  </testsuite>
  <testsuite name="undefined" errors="0" failures="0" skipped="0" timestamp="2022-04-26T09:51:25" time="1.524" tests="4">
    <testcase classname=" [Busqueda respondidas] con resultado" name=" [Busqueda respondidas] con resultado" time="0.345">
    </testcase>
    <testcase classname=" [Busqueda respondidas] sin resultado" name=" [Busqueda respondidas] sin resultado" time="0.099">
    </testcase>
    <testcase classname=" [Busqueda respondidas] sin resultado pagina 2" name=" [Busqueda respondidas] sin resultado pagina 2" time="0.074">
    </testcase>
    <testcase classname=" [Busqueda respondidas] buscar por etiquetas" name=" [Busqueda respondidas] buscar por etiquetas" time="0.373">
    </testcase>
  </testsuite>
  <testsuite name="undefined" errors="0" failures="0" skipped="0" timestamp="2022-04-26T09:51:26" time="1.221" tests="1">
    <testcase classname=" [Establecer formato]" name=" [Establecer formato]" time="0.594">
    </testcase>
  </testsuite>
  <testsuite name="undefined" errors="0" failures="0" skipped="0" timestamp="2022-04-26T09:51:25" time="1.535" tests="4">
    <testcase classname=" [Busqueda no respondidas] con resultado" name=" [Busqueda no respondidas] con resultado" time="0.397">
    </testcase>
    <testcase classname=" [Busqueda no respondidas] sin resultado" name=" [Busqueda no respondidas] sin resultado" time="0.061">
    </testcase>
    <testcase classname=" [Busqueda no respondidas] sin resultado pagina 2" name=" [Busqueda no respondidas] sin resultado pagina 2" time="0.342">
    </testcase>
    <testcase classname=" [Busqueda no respondidas] buscar por etiquetas" name=" [Busqueda no respondidas] buscar por etiquetas" time="0.085">
    </testcase>
  </testsuite>
  <testsuite name="undefined" errors="0" failures="0" skipped="0" timestamp="2022-04-26T09:51:26" time="1.526" tests="2">
    <testcase classname=" [Ver Atributos] con id existente" name=" [Ver Atributos] con id existente" time="0.774">
    </testcase>
    <testcase classname=" [Ver Atributos] con id no existente" name=" [Ver Atributos] con id no existente" time="0.133">
    </testcase>
  </testsuite>
  <testsuite name="undefined" errors="0" failures="1" skipped="0" timestamp="2022-04-26T09:51:26" time="1.286" tests="2">
    <testcase classname=" [Baja usuario] correcto" name=" [Baja usuario] correcto" time="0.732">
      <failure>Error: expect(received).toBe(expected) // Object.is equality

Expected: &quot;Found. Redirecting to /&quot;
Received: &quot;Found. Redirecting to /login&quot;
    at Object.&lt;anonymous&gt; (C:\Users\Pabluno\Documents\Universidad\GPS\.Try-Catch\Test\bajaUsuario.test.js:20:28)
    at processTicksAndRejections (node:internal/process/task_queues:96:5)</failure>
    </testcase>
    <testcase classname=" [Baja usuario]  incorrecto sin session inciada" name=" [Baja usuario]  incorrecto sin session inciada" time="0.009">
    </testcase>
  </testsuite>
  <testsuite name="undefined" errors="0" failures="0" skipped="0" timestamp="2022-04-26T09:51:27" time="0.654" tests="3">
    <testcase classname=" [Responder pregunta] con sesion iniciada" name=" [Responder pregunta] con sesion iniciada" time="0.065">
    </testcase>
    <testcase classname=" [Responder pregunta] vacia" name=" [Responder pregunta] vacia" time="0.019">
    </testcase>
    <testcase classname=" [Responder pregunta] sin iniciar sesión" name=" [Responder pregunta] sin iniciar sesión" time="0.008">
    </testcase>
  </testsuite>
  <testsuite name="undefined" errors="0" failures="0" skipped="0" timestamp="2022-04-26T09:51:27" time="0.62" tests="4">
    <testcase classname=" [Busqueda basica por preguntas respondidas] con resultado" name=" [Busqueda basica por preguntas respondidas] con resultado" time="0.075">
    </testcase>
    <testcase classname=" [Busqueda respondidas] sin resultado" name=" [Busqueda respondidas] sin resultado" time="0.01">
    </testcase>
    <testcase classname=" [Busqueda respondidas] sin resultado pagina 2" name=" [Busqueda respondidas] sin resultado pagina 2" time="0.01">
    </testcase>
    <testcase classname=" [Busqueda respondidas] buscar por etiquetas" name=" [Busqueda respondidas] buscar por etiquetas" time="0.01">
    </testcase>
  </testsuite>
  <testsuite name="undefined" errors="0" failures="0" skipped="0" timestamp="2022-04-26T09:51:27" time="0.656" tests="3">
    <testcase classname=" [Ver Atributos] con id existente" name=" [Ver Atributos] con id existente" time="0.073">
    </testcase>
    <testcase classname=" [Ver Atributos] con id no existente" name=" [Ver Atributos] con id no existente" time="0.013">
    </testcase>
    <testcase classname=" [Ver Atributos] con id no existente" name=" [Ver Atributos] con id no existente" time="0.01">
    </testcase>
  </testsuite>
  <testsuite name="undefined" errors="0" failures="0" skipped="0" timestamp="2022-04-26T09:51:27" time="0.665" tests="3">
    <testcase classname=" [Dar like] sin like y sin dislike" name=" [Dar like] sin like y sin dislike" time="0.051">
    </testcase>
    <testcase classname=" [Dar like] sin like y con dislike" name=" [Dar like] sin like y con dislike" time="0.015">
    </testcase>
    <testcase classname=" [Dar like] con like" name=" [Dar like] con like" time="0.012">
    </testcase>
  </testsuite>
  <testsuite name="undefined" errors="0" failures="0" skipped="0" timestamp="2022-04-26T09:51:27" time="0.712" tests="2">
    <testcase classname=" [Baja usuario] correcto" name=" [Baja usuario] correcto" time="0.129">
    </testcase>
    <testcase classname=" [Baja usuario]  incorrecto sin session inciada" name=" [Baja usuario]  incorrecto sin session inciada" time="0.008">
    </testcase>
  </testsuite>
  <testsuite name="undefined" errors="0" failures="0" skipped="0" timestamp="2022-04-26T09:51:28" time="0.629" tests="2">
    <testcase classname=" [Ordenar por numero de valoraciones] ascendente" name=" [Ordenar por numero de valoraciones] ascendente" time="0.094">
    </testcase>
    <testcase classname=" [Ordenar por numero de valoraciones] descendente" name=" [Ordenar por numero de valoraciones] descendente" time="0.014">
    </testcase>
  </testsuite>
  <testsuite name="undefined" errors="0" failures="0" skipped="0" timestamp="2022-04-26T09:51:28" time="0.622" tests="3">
    <testcase classname=" [Busqueda por etiquetas] con resultado" name=" [Busqueda por etiquetas] con resultado" time="0.069">
    </testcase>
    <testcase classname=" [Busqueda por etiquetas] sin resultado" name=" [Busqueda por etiquetas] sin resultado" time="0.011">
    </testcase>
    <testcase classname=" [Busqueda por etiquetas] sin resultado pagina 2" name=" [Busqueda por etiquetas] sin resultado pagina 2" time="0.013">
    </testcase>
  </testsuite>
  <testsuite name="undefined" errors="0" failures="0" skipped="0" timestamp="2022-04-26T09:51:28" time="0.607" tests="3">
    <testcase classname=" [Busqueda basica] con resultado" name=" [Busqueda basica] con resultado" time="0.067">
    </testcase>
    <testcase classname=" [Busqueda basica] sin resultado" name=" [Busqueda basica] sin resultado" time="0.011">
    </testcase>
    <testcase classname=" [Busqueda basica] sin resultado" name=" [Busqueda basica] sin resultado" time="0.011">
    </testcase>
  </testsuite>
  <testsuite name="undefined" errors="0" failures="0" skipped="0" timestamp="2022-04-26T09:51:28" time="0.591" tests="2">
    <testcase classname=" [Mostrar atributos usuario] con resultado" name=" [Mostrar atributos usuario] con resultado" time="0.029">
    </testcase>
    <testcase classname=" [Mostrar atributos usuario] sin resultado" name=" [Mostrar atributos usuario] sin resultado" time="0.006">
    </testcase>
  </testsuite>
  <testsuite name="undefined" errors="0" failures="0" skipped="0" timestamp="2022-04-26T09:51:27" time="2.087" tests="2">
    <testcase classname=" [Ver Atributos Usuario] con correo existente" name=" [Ver Atributos Usuario] con correo existente" time="1.216">
    </testcase>
    <testcase classname=" [Ver Atributos Usuario] con correo no existente" name=" [Ver Atributos Usuario] con correo no existente" time="0.22">
    </testcase>
  </testsuite>
  <testsuite name="undefined" errors="0" failures="0" skipped="0" timestamp="2022-04-26T09:51:26" time="3.155" tests="3">
    <testcase classname=" [Busqueda basica] con resultado" name=" [Busqueda basica] con resultado" time="2.143">
    </testcase>
    <testcase classname=" [Busqueda basica] sin resultado" name=" [Busqueda basica] sin resultado" time="0.192">
    </testcase>
    <testcase classname=" [Busqueda basica] sin resultado" name=" [Busqueda basica] sin resultado" time="0.08">
    </testcase>
  </testsuite>
  <testsuite name="undefined" errors="0" failures="0" skipped="0" timestamp="2022-04-26T09:51:28" time="0.566" tests="2">
    <testcase classname=" [Inicio de sesion] correo/contraseña correcto" name=" [Inicio de sesion] correo/contraseña correcto" time="0.039">
    </testcase>
    <testcase classname=" [Inicio de sesion] correo/contraseña incorrecto" name=" [Inicio de sesion] correo/contraseña incorrecto" time="0.029">
    </testcase>
  </testsuite>
  <testsuite name="undefined" errors="0" failures="0" skipped="0" timestamp="2022-04-26T09:51:28" time="0.559" tests="2">
    <testcase classname=" [formato enriquedico] caso correcto" name=" [formato enriquedico] caso correcto" time="0.01">
    </testcase>
    <testcase classname=" [formato enriquedico] caso incorrecto" name=" [formato enriquedico] caso incorrecto" time="0.002">
    </testcase>
  </testsuite>
  <testsuite name="undefined" errors="0" failures="0" skipped="0" timestamp="2022-04-26T09:51:28" time="0.677" tests="9">
    <testcase classname=" [Editar pregunta] con sesion iniciada" name=" [Editar pregunta] con sesion iniciada" time="0.054">
    </testcase>
    <testcase classname=" [Editar pregunta] sin sesion iniciada" name=" [Editar pregunta] sin sesion iniciada" time="0.006">
    </testcase>
    <testcase classname=" [Editar pregunta] incorreto" name=" [Editar pregunta] incorreto" time="0.022">
    </testcase>
    <testcase classname=" [Editar respuesta] con sesion iniciada" name=" [Editar respuesta] con sesion iniciada" time="0.011">
    </testcase>
    <testcase classname=" [Editar respuesta] sin sesion iniciada" name=" [Editar respuesta] sin sesion iniciada" time="0.005">
    </testcase>
    <testcase classname=" [Editar respuesta] incorrecto" name=" [Editar respuesta] incorrecto" time="0.014">
    </testcase>
    <testcase classname=" [Editar aclaracion] con sesion iniciada" name=" [Editar aclaracion] con sesion iniciada" time="0.034">
    </testcase>
    <testcase classname=" [Editar aclaracion] sin sesion iniciada" name=" [Editar aclaracion] sin sesion iniciada" time="0.012">
    </testcase>
    <testcase classname=" [Editar aclaracion] incorrecto " name=" [Editar aclaracion] incorrecto " time="0.027">
    </testcase>
  </testsuite>
</testsuites>