<?xml version="1.0" encoding="UTF-8"?>
<testsuites name="jest tests" tests="2" failures="0" errors="0" time="1.892">
  <testsuite name="undefined" errors="0" failures="0" skipped="0" timestamp="2022-03-26T11:28:09" time="1.827" tests="2">
    <testcase classname=" [Ver Atributos] con id existente" name=" [Ver Atributos] con id existente" time="1.093">
    </testcase>
    <testcase classname=" [Ver Atributos] con id que no exista" name=" [Ver Atributos] con id que no exista" time="0.046">
    </testcase>
  </testsuite>
</testsuites>