<?xml version="1.0" encoding="UTF-8"?>
<testsuites name="jest tests" tests="81" failures="1" errors="0" time="31.277">
  <testsuite name="undefined" errors="0" failures="0" skipped="0" timestamp="2022-04-16T10:16:11" time="9.848" tests="3">
    <testcase classname=" [Responder pregunta] con sesion iniciada" name=" [Responder pregunta] con sesion iniciada" time="0.483">
    </testcase>
    <testcase classname=" [Responder pregunta] vacia" name=" [Responder pregunta] vacia" time="0.066">
    </testcase>
    <testcase classname=" [Responder pregunta] sin iniciar sesión" name=" [Responder pregunta] sin iniciar sesión" time="0.097">
    </testcase>
  </testsuite>
  <testsuite name="undefined" errors="0" failures="0" skipped="0" timestamp="2022-04-16T10:16:11" time="10.049" tests="3">
    <testcase classname=" [Responder respuesta] con sesion iniciada" name=" [Responder respuesta] con sesion iniciada" time="0.447">
    </testcase>
    <testcase classname=" [Responder pregunta] vacia" name=" [Responder pregunta] vacia" time="0.073">
    </testcase>
    <testcase classname=" [Responder pregunta] sin iniciar sesión" name=" [Responder pregunta] sin iniciar sesión" time="0.026">
    </testcase>
  </testsuite>
  <testsuite name="undefined" errors="0" failures="0" skipped="0" timestamp="2022-04-16T10:16:10" time="10.198" tests="8">
    <testcase classname=" [Registro] Usuarios correcto" name=" [Registro] Usuarios correcto" time="0.584">
    </testcase>
    <testcase classname=" [Registro] Usuarios repetido" name=" [Registro] Usuarios repetido" time="0.086">
    </testcase>
    <testcase classname=" [Registro] Usuario datos vacios" name=" [Registro] Usuario datos vacios" time="0.049">
    </testcase>
    <testcase classname=" [Registro] Usuarios nombre incorrecto" name=" [Registro] Usuarios nombre incorrecto" time="0.061">
    </testcase>
    <testcase classname=" [Registro] Usuarios contraseña diferente" name=" [Registro] Usuarios contraseña diferente" time="0.059">
    </testcase>
    <testcase classname=" [Registro] Usuarios contraseña insuficiente numero caracteres" name=" [Registro] Usuarios contraseña insuficiente numero caracteres" time="0.14">
    </testcase>
    <testcase classname=" [Registro] Usuarios contraseña falta mayusucla" name=" [Registro] Usuarios contraseña falta mayusucla" time="0.067">
    </testcase>
    <testcase classname=" [Registro] Usuarios contraseña falta minuscula" name=" [Registro] Usuarios contraseña falta minuscula" time="0.067">
    </testcase>
  </testsuite>
  <testsuite name="undefined" errors="0" failures="0" skipped="0" timestamp="2022-04-16T10:16:10" time="10.443" tests="6">
    <testcase classname=" [Crear pregunta] con sesion iniciada" name=" [Crear pregunta] con sesion iniciada" time="0.872">
    </testcase>
    <testcase classname=" [Crear pregunta] sin sesion iniciada" name=" [Crear pregunta] sin sesion iniciada" time="0.038">
    </testcase>
    <testcase classname=" [Crear pregunta] descripcion vacia" name=" [Crear pregunta] descripcion vacia" time="0.086">
    </testcase>
    <testcase classname=" [Crear pregunta] titulo vacia" name=" [Crear pregunta] titulo vacia" time="0.062">
    </testcase>
    <testcase classname=" [Crear pregunta] etiquetas vacia" name=" [Crear pregunta] etiquetas vacia" time="0.057">
    </testcase>
    <testcase classname=" [Crear pregunta] todos vacia" name=" [Crear pregunta] todos vacia" time="0.054">
    </testcase>
  </testsuite>
  <testsuite name="undefined" errors="0" failures="0" skipped="0" timestamp="2022-04-16T10:16:10" time="10.888" tests="3">
    <testcase classname=" [Responder respuesta] con sesion iniciada" name=" [Responder respuesta] con sesion iniciada" time="0.826">
    </testcase>
    <testcase classname=" [Responder pregunta] vacia" name=" [Responder pregunta] vacia" time="0.114">
    </testcase>
    <testcase classname=" [Responder pregunta] sin iniciar sesión" name=" [Responder pregunta] sin iniciar sesión" time="0.038">
    </testcase>
  </testsuite>
  <testsuite name="undefined" errors="0" failures="0" skipped="0" timestamp="2022-04-16T10:16:10" time="11.213" tests="10">
    <testcase classname=" [Registro] Usuarios correcto" name=" [Registro] Usuarios correcto" time="0.839">
    </testcase>
    <testcase classname=" [Registro] Usuarios existente" name=" [Registro] Usuarios existente" time="0.094">
    </testcase>
    <testcase classname=" [Registro] Usuario datos vacios" name=" [Registro] Usuario datos vacios" time="0.037">
    </testcase>
    <testcase classname=" [Registro] Usuarios nombre incorrecto" name=" [Registro] Usuarios nombre incorrecto" time="0.038">
    </testcase>
    <testcase classname=" [Registro] Usuarios contraseña diferente" name=" [Registro] Usuarios contraseña diferente" time="0.031">
    </testcase>
    <testcase classname=" [Registro] Usuarios contraseña insuficiente numero caracteres" name=" [Registro] Usuarios contraseña insuficiente numero caracteres" time="0.026">
    </testcase>
    <testcase classname=" [Registro] Usuarios contraseña falta mayusucla" name=" [Registro] Usuarios contraseña falta mayusucla" time="0.025">
    </testcase>
    <testcase classname=" [Registro] Usuarios contraseña falta minuscula" name=" [Registro] Usuarios contraseña falta minuscula" time="0.023">
    </testcase>
    <testcase classname=" [Inicio de sesion] correo/contraseña correcto" name=" [Inicio de sesion] correo/contraseña correcto" time="0.085">
    </testcase>
    <testcase classname=" [Inicio de sesion] correo/contraseña incorrecto" name=" [Inicio de sesion] correo/contraseña incorrecto" time="0.085">
    </testcase>
  </testsuite>
  <testsuite name="undefined" errors="0" failures="0" skipped="0" timestamp="2022-04-16T10:16:10" time="11.019" tests="3">
    <testcase classname=" [Responder pregunta] con sesion iniciada" name=" [Responder pregunta] con sesion iniciada" time="0.697">
    </testcase>
    <testcase classname=" [Responder pregunta] vacia" name=" [Responder pregunta] vacia" time="0.136">
    </testcase>
    <testcase classname=" [Responder pregunta] sin iniciar sesión" name=" [Responder pregunta] sin iniciar sesión" time="0.043">
    </testcase>
  </testsuite>
  <testsuite name="undefined" errors="0" failures="0" skipped="0" timestamp="2022-04-16T10:16:10" time="11.369" tests="6">
    <testcase classname=" [Crear pregunta] con sesion iniciada" name=" [Crear pregunta] con sesion iniciada" time="0.788">
    </testcase>
    <testcase classname=" [Crear pregunta] sin sesion iniciada" name=" [Crear pregunta] sin sesion iniciada" time="0.034">
    </testcase>
    <testcase classname=" [Crear pregunta] descripcion vacia" name=" [Crear pregunta] descripcion vacia" time="0.191">
    </testcase>
    <testcase classname=" [Crear pregunta] titulo vacia" name=" [Crear pregunta] titulo vacia" time="0.093">
    </testcase>
    <testcase classname=" [Crear pregunta] etiquetas vacia" name=" [Crear pregunta] etiquetas vacia" time="0.119">
    </testcase>
    <testcase classname=" [Crear pregunta] todos vacia" name=" [Crear pregunta] todos vacia" time="0.107">
    </testcase>
  </testsuite>
  <testsuite name="undefined" errors="0" failures="0" skipped="0" timestamp="2022-04-16T10:16:10" time="11.492" tests="4">
    <testcase classname=" [Busqueda no respondidas] con resultado" name=" [Busqueda no respondidas] con resultado" time="0.904">
    </testcase>
    <testcase classname=" [Busqueda no respondidas] sin resultado" name=" [Busqueda no respondidas] sin resultado" time="0.135">
    </testcase>
    <testcase classname=" [Busqueda no respondidas] sin resultado pagina 2" name=" [Busqueda no respondidas] sin resultado pagina 2" time="0.215">
    </testcase>
    <testcase classname=" [Busqueda no respondidas] buscar por etiquetas" name=" [Busqueda no respondidas] buscar por etiquetas" time="0.163">
    </testcase>
  </testsuite>
  <testsuite name="undefined" errors="0" failures="0" skipped="0" timestamp="2022-04-16T10:16:10" time="11.749" tests="4">
    <testcase classname=" [Busqueda respondidas] con resultado" name=" [Busqueda respondidas] con resultado" time="0.894">
    </testcase>
    <testcase classname=" [Busqueda respondidas] sin resultado" name=" [Busqueda respondidas] sin resultado" time="0.183">
    </testcase>
    <testcase classname=" [Busqueda respondidas] sin resultado pagina 2" name=" [Busqueda respondidas] sin resultado pagina 2" time="0.191">
    </testcase>
    <testcase classname=" [Busqueda respondidas] buscar por etiquetas" name=" [Busqueda respondidas] buscar por etiquetas" time="0.137">
    </testcase>
  </testsuite>
  <testsuite name="undefined" errors="0" failures="0" skipped="0" timestamp="2022-04-16T10:16:21" time="3.099" tests="8">
    <testcase classname=" [Ver vista inicial] " name=" [Ver vista inicial] " time="0.238">
    </testcase>
    <testcase classname=" [Ver vista prueba mostrar etiquetas] " name=" [Ver vista prueba mostrar etiquetas] " time="0.036">
    </testcase>
    <testcase classname=" [Ver vista prueba mostrar etiquetas] " name=" [Ver vista prueba mostrar etiquetas] " time="0.023">
    </testcase>
    <testcase classname=" [Ver vista crear pregunta vista]" name=" [Ver vista crear pregunta vista]" time="0.028">
    </testcase>
    <testcase classname=" [Ver vista inicio de sesion]" name=" [Ver vista inicio de sesion]" time="0.061">
    </testcase>
    <testcase classname=" [Ver vista inicio de sesion] sin sesion" name=" [Ver vista inicio de sesion] sin sesion" time="0.041">
    </testcase>
    <testcase classname=" [Ver vista inicio de sesion] con sesion" name=" [Ver vista inicio de sesion] con sesion" time="0.119">
    </testcase>
    <testcase classname=" [Ver vista terminar sesion] con sesion" name=" [Ver vista terminar sesion] con sesion" time="0.066">
    </testcase>
  </testsuite>
  <testsuite name="undefined" errors="0" failures="0" skipped="0" timestamp="2022-04-16T10:16:21" time="3.434" tests="3">
    <testcase classname=" [Busqueda por etiquetas] con resultado" name=" [Busqueda por etiquetas] con resultado" time="0.735">
    </testcase>
    <testcase classname=" [Busqueda por etiquetas] sin resultado" name=" [Busqueda por etiquetas] sin resultado" time="0.095">
    </testcase>
    <testcase classname=" [Busqueda por etiquetas] sin resultado pagina 2" name=" [Busqueda por etiquetas] sin resultado pagina 2" time="0.07">
    </testcase>
  </testsuite>
  <testsuite name="undefined" errors="0" failures="0" skipped="0" timestamp="2022-04-16T10:16:21" time="2.925" tests="3">
    <testcase classname=" [Ver Atributos] con id existente" name=" [Ver Atributos] con id existente" time="0.246">
    </testcase>
    <testcase classname=" [Ver Atributos] con id no existente" name=" [Ver Atributos] con id no existente" time="0.034">
    </testcase>
    <testcase classname=" [Ver Atributos] con id no existente" name=" [Ver Atributos] con id no existente" time="0.031">
    </testcase>
  </testsuite>
  <testsuite name="undefined" errors="0" failures="0" skipped="0" timestamp="2022-04-16T10:16:22" time="2.589" tests="2">
    <testcase classname=" [Inicio de sesion] correo/contraseña correcto" name=" [Inicio de sesion] correo/contraseña correcto" time="0.11">
    </testcase>
    <testcase classname=" [Inicio de sesion] correo/contraseña incorrecto" name=" [Inicio de sesion] correo/contraseña incorrecto" time="0.123">
    </testcase>
  </testsuite>
  <testsuite name="undefined" errors="0" failures="0" skipped="0" timestamp="2022-04-16T10:16:22" time="2.722" tests="3">
    <testcase classname=" [Busqueda basica] con resultado" name=" [Busqueda basica] con resultado" time="0.266">
    </testcase>
    <testcase classname=" [Busqueda basica] sin resultado" name=" [Busqueda basica] sin resultado" time="0.037">
    </testcase>
    <testcase classname=" [Busqueda basica] sin resultado" name=" [Busqueda basica] sin resultado" time="0.021">
    </testcase>
  </testsuite>
  <testsuite name="undefined" errors="0" failures="0" skipped="0" timestamp="2022-04-16T10:16:22" time="2.918" tests="3">
    <testcase classname=" [Busqueda por etiquetas] con resultado" name=" [Busqueda por etiquetas] con resultado" time="0.497">
    </testcase>
    <testcase classname=" [Busqueda por etiquetas] sin resultado" name=" [Busqueda por etiquetas] sin resultado" time="0.037">
    </testcase>
    <testcase classname=" [Busqueda por etiquetas] sin resultado pagina 2" name=" [Busqueda por etiquetas] sin resultado pagina 2" time="0.028">
    </testcase>
  </testsuite>
  <testsuite name="undefined" errors="0" failures="0" skipped="0" timestamp="2022-04-16T10:16:22" time="2.6" tests="2">
    <testcase classname=" [Ordenar por numero de valoraciones] ascendente" name=" [Ordenar por numero de valoraciones] ascendente" time="0.136">
    </testcase>
    <testcase classname=" [Ordenar por numero de valoraciones] descendente" name=" [Ordenar por numero de valoraciones] descendente" time="0.024">
    </testcase>
  </testsuite>
  <testsuite name="undefined" errors="0" failures="0" skipped="0" timestamp="2022-04-16T10:16:21" time="3.413" tests="2">
    <testcase classname=" [Ordenar num valoradas] por las mejores" name=" [Ordenar num valoradas] por las mejores" time="0.68">
    </testcase>
    <testcase classname=" [Ordenar num valoradas] por las peores" name=" [Ordenar num valoradas] por las peores" time="0.119">
    </testcase>
  </testsuite>
  <testsuite name="undefined" errors="0" failures="0" skipped="0" timestamp="2022-04-16T10:16:21" time="3.767" tests="3">
    <testcase classname=" [Busqueda basica] con resultado" name=" [Busqueda basica] con resultado" time="0.674">
    </testcase>
    <testcase classname=" [Busqueda basica] sin resultado" name=" [Busqueda basica] sin resultado" time="0.662">
    </testcase>
    <testcase classname=" [Busqueda basica] sin resultado" name=" [Busqueda basica] sin resultado" time="0.094">
    </testcase>
  </testsuite>
  <testsuite name="undefined" errors="0" failures="1" skipped="0" timestamp="2022-04-16T10:16:10" time="27.831" tests="2">
    <testcase classname=" [Ver Atributos] con id existente" name=" [Ver Atributos] con id existente" time="10.007">
      <failure>Error: thrown: &quot;Exceeded timeout of 10000 ms for a test.
Use jest.setTimeout(newTimeout) to increase the timeout value, if this is a long-running test.&quot;
    at Object.&lt;anonymous&gt; (C:\Users\dunia\Documents\GitHub\.Try-Catch\Test\verAtributos.test.js:12:1)
    at Runtime._execModule (C:\Users\dunia\Documents\GitHub\.Try-Catch\node_modules\jest-runtime\build\index.js:1646:24)
    at Runtime._loadModule (C:\Users\dunia\Documents\GitHub\.Try-Catch\node_modules\jest-runtime\build\index.js:1185:12)
    at Runtime.requireModule (C:\Users\dunia\Documents\GitHub\.Try-Catch\node_modules\jest-runtime\build\index.js:1009:12)
    at jestAdapter (C:\Users\dunia\Documents\GitHub\.Try-Catch\node_modules\jest-circus\build\legacy-code-todo-rewrite\jestAdapter.js:79:13)
    at processTicksAndRejections (node:internal/process/task_queues:96:5)
    at runTestInternal (C:\Users\dunia\Documents\GitHub\.Try-Catch\node_modules\jest-runner\build\runTest.js:389:16)
    at runTest (C:\Users\dunia\Documents\GitHub\.Try-Catch\node_modules\jest-runner\build\runTest.js:475:34)
    at Object.worker (C:\Users\dunia\Documents\GitHub\.Try-Catch\node_modules\jest-runner\build\testWorker.js:133:12)</failure>
    </testcase>
    <testcase classname=" [Ver Atributos] con id no existente" name=" [Ver Atributos] con id no existente" time="7.373">
    </testcase>
  </testsuite>
</testsuites>