<?xml version="1.0" encoding="UTF-8"?>
<testsuites name="jest tests" tests="2" failures="0" errors="0" time="0.865">
  <testsuite name="undefined" errors="0" failures="0" skipped="0" timestamp="2022-03-22T17:11:15" time="0.238" tests="2">
    <testcase classname=" adds 1 + 2 to equal 3" name=" adds 1 + 2 to equal 3" time="0.001">
    </testcase>
    <testcase classname=" subs 1 - 2 to equal -1" name=" subs 1 - 2 to equal -1" time="0">
    </testcase>
  </testsuite>
</testsuites>