<?xml version="1.0" encoding="UTF-8"?>
<testsuites name="jest tests" tests="1" failures="0" errors="0" time="3.267">
  <testsuite name="undefined" errors="0" failures="0" skipped="0" timestamp="2022-04-18T17:03:55" time="2.957" tests="1">
    <testcase classname=" [Borrar comentario] sin sesion" name=" [Borrar comentario] sin sesion" time="0.111">
    </testcase>
  </testsuite>
</testsuites>