<?xml version="1.0" encoding="UTF-8"?>
<testsuites name="jest tests" tests="2" failures="0" errors="0" time="1.409">
  <testsuite name="undefined" errors="0" failures="0" skipped="0" timestamp="2022-04-20T09:34:32" time="1.306" tests="2">
    <testcase classname=" [formato enriquedico] caso correcto" name=" [formato enriquedico] caso correcto" time="0.06">
    </testcase>
    <testcase classname=" [formato enriquedico] caso incorrecto" name=" [formato enriquedico] caso incorrecto" time="0.005">
    </testcase>
  </testsuite>
</testsuites>